Traceback (most recent call last):
  File "/home/sakshamrimal/Investlink_Project/backend/.venv/lib/python3.12/site-packages/django/apps/config.py", line 210, in create
    app_module = import_module(app_name)
                 ^^^^^^^^^^^^^^^^^^^^^^^
  File "/usr/lib/python3.12/importlib/__init__.py", line 90, in import_module
    return _bootstrap._gcd_import(name[level:], package, level)
           ^^^^^^^^^^^^^^^^^^^^^^^^^^^^^^^^^^^^^^^^^^^^^^^^^^^^
  File "<frozen importlib._bootstrap>", line 1387, in _gcd_import
  File "<frozen importlib._bootstrap>", line 1360, in _find_and_load
  File "<frozen importlib._bootstrap>", line 1324, in _find_and_load_unlocked
ModuleNotFoundError: No module named 'backend.startup_posts'

During handling of the above exception, another exception occurred:

Traceback (most recent call last):
  File "/home/sakshamrimal/Investlink_Project/backend/debug.py", line 14, in setup_django
    django.setup()
  File "/home/sakshamrimal/Investlink_Project/backend/.venv/lib/python3.12/site-packages/django/__init__.py", line 24, in setup
    apps.populate(settings.INSTALLED_APPS)
  File "/home/sakshamrimal/Investlink_Project/backend/.venv/lib/python3.12/site-packages/django/apps/registry.py", line 91, in populate
    app_config = AppConfig.create(entry)
                 ^^^^^^^^^^^^^^^^^^^^^^^
  File "/home/sakshamrimal/Investlink_Project/backend/.venv/lib/python3.12/site-packages/django/apps/config.py", line 212, in create
    raise ImproperlyConfigured(
django.core.exceptions.ImproperlyConfigured: Cannot import 'backend.startup_posts'. Check that 'startup_posts.apps.StartupPostsConfig.name' is correct.

=== Starting Debug Session ===

PYTHONPATH: /home/sakshamrimal/Investlink_Project/backend
DJANGO_SETTINGS_MODULE: investlink.settings
Current directory: /home/sakshamrimal/Investlink_Project/backend
Directory contents: ['backend', 'messages', '.env', 'accounts', 'startup_posts', 'test_setup.py', 'debug.log', 'manage.py', '.venv', 'matchmaking', 'setup_and_test.sh', 'chat_messages', 'debug.py', 'requirements.txt', 'db.sqlite3', 'investlink']
Django setup error: Cannot import 'backend.startup_posts'. Check that 'startup_posts.apps.StartupPostsConfig.name' is correct.

Failed to set up Django
